# JRE version: Java(TM) SE Runtime Environment (8.0_51-b16) (build 1.8.0_51-b16)
# Java VM: Java HotSpot(TM) 64-Bit Server VM (25.51-b03 mixed mode bsd-amd64 compressed oops)
Heap:
 PSYoungGen      total 177664K, used 136675K [0x0000000795580000, 0x00000007a3d80000, 0x00000007c0000000)
  eden space 162816K, 74% used [0x0000000795580000,0x000000079cc7d560,0x000000079f480000)
  from space 14848K, 99% used [0x000000079f480000,0x00000007a02fb9e8,0x00000007a0300000)
  to   space 17408K, 0% used [0x00000007a2c80000,0x00000007a2c80000,0x00000007a3d80000)
 ParOldGen       total 98816K, used 23206K [0x0000000740000000, 0x0000000746080000, 0x0000000795580000)
  object space 98816K, 23% used [0x0000000740000000,0x00000007416a9a10,0x0000000746080000)
 Metaspace       used 50524K, capacity 52924K, committed 53120K, reserved 1095680K
  class space    used 6765K, capacity 7209K, committed 7296K, reserved 1048576K
GC Heap History (10 events):
Event: 2.241 GC heap before
{Heap before GC invocations=7 (full 1):
 PSYoungGen      total 71680K, used 71661K [0x0000000795580000, 0x000000079cd00000, 0x00000007c0000000)
  eden space 66560K, 100% used [0x0000000795580000,0x0000000799680000,0x0000000799680000)
  from space 5120K, 99% used [0x0000000799680000,0x0000000799b7b748,0x0000000799b80000)
  to   space 8192K, 0% used [0x000000079c500000,0x000000079c500000,0x000000079cd00000)
 ParOldGen       total 55296K, used 6690K [0x0000000740000000, 0x0000000743600000, 0x0000000795580000)
  object space 55296K, 12% used [0x0000000740000000,0x0000000740688a10,0x0000000743600000)
 Metaspace       used 25503K, capacity 26622K, committed 26752K, reserved 1073152K
  class space    used 3435K, capacity 3688K, committed 3712K, reserved 1048576K
Event: 2.250 GC heap after
Heap after GC invocations=7 (full 1):
 PSYoungGen      total 113152K, used 7611K [0x0000000795580000, 0x000000079cd00000, 0x00000007c0000000)
  eden space 104960K, 0% used [0x0000000795580000,0x0000000795580000,0x000000079bc00000)
  from space 8192K, 92% used [0x000000079c500000,0x000000079cc6ec28,0x000000079cd00000)
  to   space 8704K, 0% used [0x000000079bc00000,0x000000079bc00000,0x000000079c480000)
 ParOldGen       total 55296K, used 6698K [0x0000000740000000, 0x0000000743600000, 0x0000000795580000)
  object space 55296K, 12% used [0x0000000740000000,0x000000074068aa10,0x0000000743600000)
 Metaspace       used 25503K, capacity 26622K, committed 26752K, reserved 1073152K
  class space    used 3435K, capacity 3688K, committed 3712K, reserved 1048576K
}
Event: 2.923 GC heap before
{Heap before GC invocations=8 (full 1):
 PSYoungGen      total 113152K, used 112550K [0x0000000795580000, 0x000000079cd00000, 0x00000007c0000000)
  eden space 104960K, 99% used [0x0000000795580000,0x000000079bbfaea8,0x000000079bc00000)
  from space 8192K, 92% used [0x000000079c500000,0x000000079cc6ec28,0x000000079cd00000)
  to   space 8704K, 0% used [0x000000079bc00000,0x000000079bc00000,0x000000079c480000)
 ParOldGen       total 55296K, used 6698K [0x0000000740000000, 0x0000000743600000, 0x0000000795580000)
  object space 55296K, 12% used [0x0000000740000000,0x000000074068aa10,0x0000000743600000)
 Metaspace       used 29703K, capacity 31094K, committed 31232K, reserved 1077248K
  class space    used 3980K, capacity 4266K, committed 4352K, reserved 1048576K
Event: 2.942 GC heap after
Heap after GC invocations=8 (full 1):
 PSYoungGen      total 113664K, used 8686K [0x0000000795580000, 0x00000007a0f80000, 0x00000007c0000000)
  eden space 104960K, 0% used [0x0000000795580000,0x0000000795580000,0x000000079bc00000)
  from space 8704K, 99% used [0x000000079bc00000,0x000000079c47bac0,0x000000079c480000)
  to   space 12800K, 0% used [0x00000007a0300000,0x00000007a0300000,0x00000007a0f80000)
 ParOldGen       total 55296K, used 12827K [0x0000000740000000, 0x0000000743600000, 0x0000000795580000)
  object space 55296K, 23% used [0x0000000740000000,0x0000000740c86ee8,0x0000000743600000)
 Metaspace       used 29703K, capacity 31094K, committed 31232K, reserved 1077248K
  class space    used 3980K, capacity 4266K, committed 4352K, reserved 1048576K
}
Event: 3.562 GC heap before
{Heap before GC invocations=9 (full 1):
 PSYoungGen      total 113664K, used 91814K [0x0000000795580000, 0x00000007a0f80000, 0x00000007c0000000)
  eden space 104960K, 79% used [0x0000000795580000,0x000000079a6add68,0x000000079bc00000)
  from space 8704K, 99% used [0x000000079bc00000,0x000000079c47bac0,0x000000079c480000)
  to   space 12800K, 0% used [0x00000007a0300000,0x00000007a0300000,0x00000007a0f80000)
 ParOldGen       total 55296K, used 12827K [0x0000000740000000, 0x0000000743600000, 0x0000000795580000)
  object space 55296K, 23% used [0x0000000740000000,0x0000000740c86ee8,0x0000000743600000)
 Metaspace       used 33846K, capacity 35336K, committed 35456K, reserved 1079296K
  class space    used 4412K, capacity 4711K, committed 4736K, reserved 1048576K
Event: 3.582 GC heap after
Heap after GC invocations=9 (full 1):
 PSYoungGen      total 175616K, used 12784K [0x0000000795580000, 0x00000007a1380000, 0x00000007c0000000)
  eden space 162816K, 0% used [0x0000000795580000,0x0000000795580000,0x000000079f480000)
  from space 12800K, 99% used [0x00000007a0300000,0x00000007a0f7c3b8,0x00000007a0f80000)
  to   space 14848K, 0% used [0x000000079f480000,0x000000079f480000,0x00000007a0300000)
 ParOldGen       total 55296K, used 13598K [0x0000000740000000, 0x0000000743600000, 0x0000000795580000)
  object space 55296K, 24% used [0x0000000740000000,0x0000000740d47aa8,0x0000000743600000)
 Metaspace       used 33846K, capacity 35336K, committed 35456K, reserved 1079296K
  class space    used 4412K, capacity 4711K, committed 4736K, reserved 1048576K
}
Event: 3.582 GC heap before
{Heap before GC invocations=10 (full 2):
 PSYoungGen      total 175616K, used 12784K [0x0000000795580000, 0x00000007a1380000, 0x00000007c0000000)
  eden space 162816K, 0% used [0x0000000795580000,0x0000000795580000,0x000000079f480000)
  from space 12800K, 99% used [0x00000007a0300000,0x00000007a0f7c3b8,0x00000007a0f80000)
  to   space 14848K, 0% used [0x000000079f480000,0x000000079f480000,0x00000007a0300000)
 ParOldGen       total 55296K, used 13598K [0x0000000740000000, 0x0000000743600000, 0x0000000795580000)
  object space 55296K, 24% used [0x0000000740000000,0x0000000740d47aa8,0x0000000743600000)
 Metaspace       used 33846K, capacity 35336K, committed 35456K, reserved 1079296K
  class space    used 4412K, capacity 4711K, committed 4736K, reserved 1048576K
Event: 3.707 GC heap after
Heap after GC invocations=10 (full 2):
 PSYoungGen      total 175616K, used 0K [0x0000000795580000, 0x00000007a1380000, 0x00000007c0000000)
  eden space 162816K, 0% used [0x0000000795580000,0x0000000795580000,0x000000079f480000)
  from space 12800K, 0% used [0x00000007a0300000,0x00000007a0300000,0x00000007a0f80000)
  to   space 14848K, 0% used [0x000000079f480000,0x000000079f480000,0x00000007a0300000)
 ParOldGen       total 98816K, used 21551K [0x0000000740000000, 0x0000000746080000, 0x0000000795580000)
  object space 98816K, 21% used [0x0000000740000000,0x000000074150bef0,0x0000000746080000)
 Metaspace       used 33846K, capacity 35336K, committed 35456K, reserved 1079296K
  class space    used 4412K, capacity 4711K, committed 4736K, reserved 1048576K
}
Event: 5.087 GC heap before
{Heap before GC invocations=11 (full 2):
 PSYoungGen      total 175616K, used 162816K [0x0000000795580000, 0x00000007a1380000, 0x00000007c0000000)
  eden space 162816K, 100% used [0x0000000795580000,0x000000079f480000,0x000000079f480000)
  from space 12800K, 0% used [0x00000007a0300000,0x00000007a0300000,0x00000007a0f80000)
  to   space 14848K, 0% used [0x000000079f480000,0x000000079f480000,0x00000007a0300000)
 ParOldGen       total 98816K, used 21551K [0x0000000740000000, 0x0000000746080000, 0x0000000795580000)
  object space 98816K, 21% used [0x0000000740000000,0x000000074150bef0,0x0000000746080000)
 Metaspace       used 45806K, capacity 47920K, committed 48128K, reserved 1091584K
  class space    used 6172K, capacity 6577K, committed 6656K, reserved 1048576K
Event: 5.107 GC heap after
Heap after GC invocations=11 (full 2):
 PSYoungGen      total 177664K, used 14830K [0x0000000795580000, 0x00000007a3d80000, 0x00000007c0000000)
  eden space 162816K, 0% used [0x0000000795580000,0x0000000795580000,0x000000079f480000)
  from space 14848K, 99% used [0x000000079f480000,0x00000007a02fb9e8,0x00000007a0300000)
  to   space 17408K, 0% used [0x00000007a2c80000,0x00000007a2c80000,0x00000007a3d80000)
 ParOldGen       total 98816K, used 23206K [0x0000000740000000, 0x0000000746080000, 0x0000000795580000)
  object space 98816K, 23% used [0x0000000740000000,0x00000007416a9a10,0x0000000746080000)
 Metaspace       used 45806K, capacity 47920K, committed 48128K, reserved 1091584K
  class space    used 6172K, capacity 6577K, committed 6656K, reserved 1048576K
}

